2025-02-18 02:09:11 - WARNING - Файл candles.csv не найден. Создаётся новый DataFrame.
2025-02-18 02:09:11 - WARNING - Файл candles.csv не найден. Создаётся новый DataFrame.
2025-02-18 02:09:11 - INFO - Запуск Telegram-бота...
2025-02-18 02:09:11 - INFO - Загружаем исторические данные...
2025-02-18 02:09:11 - INFO - Загружаем исторические данные...
2025-02-18 02:09:11 - INFO - Запрашиваем данные PONKE/USDT:USDT на таймфрейме 1m...
2025-02-18 02:09:11 - INFO - Запрашиваем данные PONKE/USDT:USDT на таймфрейме 1m...
2025-02-18 02:09:11 - INFO - Основной процесс test.py запущен.
2025-02-18 02:09:12 - INFO - Запуск bot.polling()...
2025-02-18 02:09:18 - INFO - Успешно получены данные: 500 свечей.
2025-02-18 02:09:18 - INFO - Успешно получены данные: 500 свечей.
2025-02-18 02:09:18 - INFO - Данные успешно сохранены в candles.csv
2025-02-18 02:09:18 - INFO - Данные успешно сохранены в candles.csv
2025-02-18 02:09:18 - INFO - Бот запущен и мониторинг начат!
2025-02-18 02:09:18 - INFO - Бот запущен и мониторинг начат!
2025-02-18 02:09:18 - INFO - Запускаем основной цикл мониторинга...
2025-02-18 02:09:18 - INFO - Запускаем основной цикл мониторинга...
2025-02-18 02:09:18 - INFO - Запрашиваем данные PONKE/USDT:USDT на таймфрейме 1m...
2025-02-18 02:09:18 - INFO - Запрашиваем данные PONKE/USDT:USDT на таймфрейме 1m...
2025-02-18 02:09:18 - INFO - Успешно получены данные: 500 свечей.
2025-02-18 02:09:18 - INFO - Получены новые данные:               timestamp     open     high      low    close  volume
499 2025-02-18 00:09:00  0.14566  0.14566  0.14566  0.14566     0.0
2025-02-18 02:09:18 - INFO - Данные успешно сохранены в candles.csv
2025-02-18 02:09:18 - INFO - Проверка пересечений, найдено: 1
2025-02-18 02:09:19 - INFO - Успешно получены данные: 500 свечей.
2025-02-18 02:09:19 - INFO - Получены новые данные:               timestamp     open     high      low    close  volume
499 2025-02-18 00:09:00  0.14566  0.14566  0.14566  0.14566     0.0
2025-02-18 02:09:19 - INFO - Данные успешно сохранены в candles.csv
2025-02-18 02:09:19 - INFO - Проверка пересечений, найдено: 1
2025-02-18 02:09:19 - INFO - Ожидание 30 секунд перед следующим циклом...
2025-02-18 02:09:24 - ERROR - ❌ Ошибка: Рынок PONKE/USDT:USDT не является 'linear', нельзя установить плечо!
2025-02-18 02:09:25 - INFO - ✅ Ордер BUY выполнен с объемом 10 контрактов.
2025-02-18 02:09:25 - INFO - ✅ Ордер BUY выполнен!
Пара: PONKE/USDT:USDT
Количество: 10
Плечо: 1x

2025-02-18 02:09:26 - INFO - ✅ TP/SL установлены для PONKE/USDT:USDT | TP: 0.1501637000000000030097702108, SL: 0.1414163000000000028344437908
2025-02-18 02:09:26 - WARNING - ID чата не задан, сообщение не отправлено.
2025-02-18 02:09:26 - INFO - Отправлено сообщение: Пересечение обнаружено!
Пара: PONKE/USDT:USDT
Направление: Вверх
Время: 2025-02-17 23:14:00
Текущая цена: 0.14533
3ATR: 0.1462
-1ATR: 0.1450
2025-02-18 02:09:26 - INFO - Ожидание 30 секунд перед следующим циклом...
2025-02-18 02:09:37 - INFO - Получена команда /start от пользователя 499562397
2025-02-18 02:09:37 - INFO - Сообщение подтверждения отправлено в Telegram.
2025-02-18 02:09:49 - INFO - Запрашиваем данные PONKE/USDT:USDT на таймфрейме 1m...
2025-02-18 02:09:49 - INFO - Успешно получены данные: 500 свечей.
2025-02-18 02:09:49 - INFO - Получены новые данные:               timestamp     open     high      low    close   volume
499 2025-02-18 00:09:00  0.14566  0.14599  0.14566  0.14591  21713.0
2025-02-18 02:09:49 - INFO - Данные успешно сохранены в candles.csv
2025-02-18 02:09:49 - INFO - Проверка пересечений, найдено: 1
2025-02-18 02:09:49 - INFO - Ожидание 30 секунд перед следующим циклом...
2025-02-18 02:09:56 - INFO - Запрашиваем данные PONKE/USDT:USDT на таймфрейме 1m...
2025-02-18 02:09:56 - INFO - Успешно получены данные: 500 свечей.
2025-02-18 02:09:56 - INFO - Получены новые данные:               timestamp     open     high      low    close   volume
499 2025-02-18 00:09:00  0.14566  0.14599  0.14566  0.14591  21713.0
2025-02-18 02:09:56 - INFO - Данные успешно сохранены в candles.csv
2025-02-18 02:09:56 - INFO - Проверка пересечений, найдено: 1
2025-02-18 02:09:56 - INFO - Ожидание 30 секунд перед следующим циклом...
2025-02-18 02:10:19 - INFO - Запрашиваем данные PONKE/USDT:USDT на таймфрейме 1m...
2025-02-18 02:10:19 - INFO - Успешно получены данные: 500 свечей.
2025-02-18 02:10:19 - INFO - Получены новые данные:               timestamp     open     high      low    close  volume
499 2025-02-18 00:10:00  0.14593  0.14603  0.14593  0.14603   296.0
2025-02-18 02:10:19 - INFO - Данные успешно сохранены в candles.csv
2025-02-18 02:10:19 - INFO - Проверка пересечений, найдено: 1
2025-02-18 02:10:19 - INFO - Ожидание 30 секунд перед следующим циклом...
2025-02-18 02:10:26 - INFO - Запрашиваем данные PONKE/USDT:USDT на таймфрейме 1m...
2025-02-18 02:10:27 - INFO - Успешно получены данные: 500 свечей.
2025-02-18 02:10:27 - INFO - Получены новые данные:               timestamp     open     high      low    close  volume
499 2025-02-18 00:10:00  0.14593  0.14603  0.14593  0.14603   296.0
2025-02-18 02:10:27 - INFO - Данные успешно сохранены в candles.csv
2025-02-18 02:10:27 - INFO - Проверка пересечений, найдено: 1
2025-02-18 02:10:27 - INFO - Ожидание 30 секунд перед следующим циклом...
2025-02-18 02:10:49 - INFO - Запрашиваем данные PONKE/USDT:USDT на таймфрейме 1m...
2025-02-18 02:10:50 - INFO - Успешно получены данные: 500 свечей.
2025-02-18 02:10:50 - INFO - Получены новые данные:               timestamp     open     high      low    close  volume
499 2025-02-18 00:10:00  0.14593  0.14613  0.14593  0.14613   809.0
2025-02-18 02:10:50 - INFO - Данные успешно сохранены в candles.csv
2025-02-18 02:10:50 - INFO - Проверка пересечений, найдено: 1
2025-02-18 02:10:50 - INFO - Ожидание 30 секунд перед следующим циклом...
2025-02-18 02:10:57 - INFO - Запрашиваем данные PONKE/USDT:USDT на таймфрейме 1m...
2025-02-18 02:10:57 - INFO - Успешно получены данные: 500 свечей.
2025-02-18 02:10:57 - INFO - Получены новые данные:               timestamp     open     high      low    close  volume
499 2025-02-18 00:10:00  0.14593  0.14618  0.14593  0.14618  3310.0
2025-02-18 02:10:57 - INFO - Данные успешно сохранены в candles.csv
2025-02-18 02:10:57 - INFO - Проверка пересечений, найдено: 1
2025-02-18 02:10:57 - INFO - Ожидание 30 секунд перед следующим циклом...
